<?xml version="1.0" encoding="UTF-8"?>
<!-- Generated by org.testng.reporters.JUnitXMLReporter -->
<testsuite hostname="shhinduj-p51" ignored="2" name="TA" tests="25" failures="5" timestamp="18 Apr 2019 05:43:11 GMT" time="82.371" errors="0">
  <testcase name="ta_11" time="9.525" classname="org.tibco.automation.common.testcases.Tibco_Account_Tests"/>
  <testcase name="ta_13" time="6.107" classname="org.tibco.automation.common.testcases.Tibco_Account_Tests"/>
  <testcase name="ta_13" time="5.702" classname="org.tibco.automation.common.testcases.Tibco_Account_Tests"/>
  <testcase name="ta_13" time="5.326" classname="org.tibco.automation.common.testcases.Tibco_Account_Tests"/>
  <testcase name="ta_14" time="11.498" classname="org.tibco.automation.common.testcases.Tibco_Account_Tests">
    <failure type="java.lang.AssertionError" message="Missing HTTP headers found..Please see logs and Screenshot">
      <![CDATA[java.lang.AssertionError: Missing HTTP headers found..Please see logs and Screenshotat org.tibco.automation.common.testcases.Tibco_Account_Tests.ta_14(Tibco_Account_Tests.java:83)... Removed 26 stack frames]]>
    </failure>
  </testcase> <!-- ta_14 -->
  <testcase name="ta_15" time="12.179" classname="org.tibco.automation.common.testcases.Tibco_Account_Tests">
    <failure type="org.openqa.selenium.NoSuchElementException" message="no such element: Unable to locate element: {&amp;quot;method&amp;quot;:&amp;quot;xpath&amp;quot;,&amp;quot;selector&amp;quot;:&amp;quot;//h1[contains(text(),&amp;apos;Sign into TIBCO&amp;apos;)]&amp;quot;}
  (Session info: chrome=73.0.3683.103)
  (Driver info: chromedriver=2.36.540470 (e522d04694c7ebea4ba8821272dbef4f9b818c91),platform=Windows NT 10.0.15063 x86_64) (WARNING: The server did not provide any stacktrace information)
Command duration or timeout: 0 milliseconds
For documentation on this error, please visit: http://seleniumhq.org/exceptions/no_such_element.html
Build info: version: &amp;apos;3.8.1&amp;apos;, revision: &amp;apos;6e95a6684b&amp;apos;, time: &amp;apos;2017-12-01T19:05:14.666Z&amp;apos;
System info: host: &amp;apos;SHHINDUJ-P51&amp;apos;, ip: &amp;apos;10.97.121.48&amp;apos;, os.name: &amp;apos;Windows 10&amp;apos;, os.arch: &amp;apos;amd64&amp;apos;, os.version: &amp;apos;10.0&amp;apos;, java.version: &amp;apos;1.8.0_181&amp;apos;
Driver info: org.openqa.selenium.chrome.ChromeDriver
Capabilities {acceptInsecureCerts: false, acceptSslCerts: false, applicationCacheEnabled: false, browserConnectionEnabled: false, browserName: chrome, chrome: {chromedriverVersion: 2.36.540470 (e522d04694c7eb..., userDataDir: C:\Users\shhinduj\AppData\L...}, cssSelectorsEnabled: true, databaseEnabled: false, handlesAlerts: true, hasTouchScreen: false, javascriptEnabled: true, locationContextEnabled: true, mobileEmulationEnabled: false, nativeEvents: true, networkConnectionEnabled: false, pageLoadStrategy: normal, platform: XP, platformName: XP, rotatable: false, setWindowRect: true, takesHeapSnapshot: true, takesScreenshot: true, unexpectedAlertBehaviour: , unhandledPromptBehavior: , version: 73.0.3683.103, webStorageEnabled: true}
Session ID: bdc0c292a09768b14093e8158b7005e1
*** Element info: {Using=xpath, value=//h1[contains(text(),&amp;apos;Sign into TIBCO&amp;apos;)]}">
      <![CDATA[org.openqa.selenium.NoSuchElementException: no such element: Unable to locate element: {"method":"xpath","selector":"//h1[contains(text(),'Sign into TIBCO')]"}  (Session info: chrome=73.0.3683.103)  (Driver info: chromedriver=2.36.540470 (e522d04694c7ebea4ba8821272dbef4f9b818c91),platform=Windows NT 10.0.15063 x86_64) (WARNING: The server did not provide any stacktrace information)Command duration or timeout: 0 millisecondsFor documentation on this error, please visit: http://seleniumhq.org/exceptions/no_such_element.htmlBuild info: version: '3.8.1', revision: '6e95a6684b', time: '2017-12-01T19:05:14.666Z'System info: host: 'SHHINDUJ-P51', ip: '10.97.121.48', os.name: 'Windows 10', os.arch: 'amd64', os.version: '10.0', java.version: '1.8.0_181'Driver info: org.openqa.selenium.chrome.ChromeDriverCapabilities {acceptInsecureCerts: false, acceptSslCerts: false, applicationCacheEnabled: false, browserConnectionEnabled: false, browserName: chrome, chrome: {chromedriverVersion: 2.36.540470 (e522d04694c7eb..., userDataDir: C:\Users\shhinduj\AppData\L...}, cssSelectorsEnabled: true, databaseEnabled: false, handlesAlerts: true, hasTouchScreen: false, javascriptEnabled: true, locationContextEnabled: true, mobileEmulationEnabled: false, nativeEvents: true, networkConnectionEnabled: false, pageLoadStrategy: normal, platform: XP, platformName: XP, rotatable: false, setWindowRect: true, takesHeapSnapshot: true, takesScreenshot: true, unexpectedAlertBehaviour: , unhandledPromptBehavior: , version: 73.0.3683.103, webStorageEnabled: true}Session ID: bdc0c292a09768b14093e8158b7005e1*** Element info: {Using=xpath, value=//h1[contains(text(),'Sign into TIBCO')]}at org.openqa.selenium.remote.ErrorHandler.createThrowable(ErrorHandler.java:214)at org.openqa.selenium.remote.ErrorHandler.throwIfResponseFailed(ErrorHandler.java:166)at org.openqa.selenium.remote.http.JsonHttpResponseCodec.reconstructValue(JsonHttpResponseCodec.java:40)at org.openqa.selenium.remote.http.AbstractHttpResponseCodec.decode(AbstractHttpResponseCodec.java:80)at org.openqa.selenium.remote.http.AbstractHttpResponseCodec.decode(AbstractHttpResponseCodec.java:44)at org.openqa.selenium.remote.HttpCommandExecutor.execute(HttpCommandExecutor.java:164)at org.openqa.selenium.remote.service.DriverCommandExecutor.execute(DriverCommandExecutor.java:83)at org.openqa.selenium.remote.RemoteWebDriver.execute(RemoteWebDriver.java:601)at org.openqa.selenium.remote.RemoteWebDriver.findElement(RemoteWebDriver.java:371)at org.openqa.selenium.remote.RemoteWebDriver.findElementByXPath(RemoteWebDriver.java:473)at org.openqa.selenium.By$ByXPath.findElement(By.java:361)at org.openqa.selenium.remote.RemoteWebDriver.findElement(RemoteWebDriver.java:363)at org.tibco.automation.common.objrepo.Tibco_Account.signInPage(Tibco_Account.java:181)at org.tibco.automation.common.testlogic.Tibco_Account_Methods.url_validation(Tibco_Account_Methods.java:195)at org.tibco.automation.common.testcases.Tibco_Account_Tests.ta_15(Tibco_Account_Tests.java:95)... Removed 29 stack frames]]>
    </failure>
  </testcase> <!-- ta_15 -->
  <testcase name="ta_15" time="12.344" classname="org.tibco.automation.common.testcases.Tibco_Account_Tests">
    <failure type="org.openqa.selenium.NoSuchElementException" message="no such element: Unable to locate element: {&amp;quot;method&amp;quot;:&amp;quot;xpath&amp;quot;,&amp;quot;selector&amp;quot;:&amp;quot;//h1[contains(text(),&amp;apos;Sign into TIBCO&amp;apos;)]&amp;quot;}
  (Session info: chrome=73.0.3683.103)
  (Driver info: chromedriver=2.36.540470 (e522d04694c7ebea4ba8821272dbef4f9b818c91),platform=Windows NT 10.0.15063 x86_64) (WARNING: The server did not provide any stacktrace information)
Command duration or timeout: 0 milliseconds
For documentation on this error, please visit: http://seleniumhq.org/exceptions/no_such_element.html
Build info: version: &amp;apos;3.8.1&amp;apos;, revision: &amp;apos;6e95a6684b&amp;apos;, time: &amp;apos;2017-12-01T19:05:14.666Z&amp;apos;
System info: host: &amp;apos;SHHINDUJ-P51&amp;apos;, ip: &amp;apos;10.97.121.48&amp;apos;, os.name: &amp;apos;Windows 10&amp;apos;, os.arch: &amp;apos;amd64&amp;apos;, os.version: &amp;apos;10.0&amp;apos;, java.version: &amp;apos;1.8.0_181&amp;apos;
Driver info: org.openqa.selenium.chrome.ChromeDriver
Capabilities {acceptInsecureCerts: false, acceptSslCerts: false, applicationCacheEnabled: false, browserConnectionEnabled: false, browserName: chrome, chrome: {chromedriverVersion: 2.36.540470 (e522d04694c7eb..., userDataDir: C:\Users\shhinduj\AppData\L...}, cssSelectorsEnabled: true, databaseEnabled: false, handlesAlerts: true, hasTouchScreen: false, javascriptEnabled: true, locationContextEnabled: true, mobileEmulationEnabled: false, nativeEvents: true, networkConnectionEnabled: false, pageLoadStrategy: normal, platform: XP, platformName: XP, rotatable: false, setWindowRect: true, takesHeapSnapshot: true, takesScreenshot: true, unexpectedAlertBehaviour: , unhandledPromptBehavior: , version: 73.0.3683.103, webStorageEnabled: true}
Session ID: bdc0c292a09768b14093e8158b7005e1
*** Element info: {Using=xpath, value=//h1[contains(text(),&amp;apos;Sign into TIBCO&amp;apos;)]}">
      <![CDATA[org.openqa.selenium.NoSuchElementException: no such element: Unable to locate element: {"method":"xpath","selector":"//h1[contains(text(),'Sign into TIBCO')]"}  (Session info: chrome=73.0.3683.103)  (Driver info: chromedriver=2.36.540470 (e522d04694c7ebea4ba8821272dbef4f9b818c91),platform=Windows NT 10.0.15063 x86_64) (WARNING: The server did not provide any stacktrace information)Command duration or timeout: 0 millisecondsFor documentation on this error, please visit: http://seleniumhq.org/exceptions/no_such_element.htmlBuild info: version: '3.8.1', revision: '6e95a6684b', time: '2017-12-01T19:05:14.666Z'System info: host: 'SHHINDUJ-P51', ip: '10.97.121.48', os.name: 'Windows 10', os.arch: 'amd64', os.version: '10.0', java.version: '1.8.0_181'Driver info: org.openqa.selenium.chrome.ChromeDriverCapabilities {acceptInsecureCerts: false, acceptSslCerts: false, applicationCacheEnabled: false, browserConnectionEnabled: false, browserName: chrome, chrome: {chromedriverVersion: 2.36.540470 (e522d04694c7eb..., userDataDir: C:\Users\shhinduj\AppData\L...}, cssSelectorsEnabled: true, databaseEnabled: false, handlesAlerts: true, hasTouchScreen: false, javascriptEnabled: true, locationContextEnabled: true, mobileEmulationEnabled: false, nativeEvents: true, networkConnectionEnabled: false, pageLoadStrategy: normal, platform: XP, platformName: XP, rotatable: false, setWindowRect: true, takesHeapSnapshot: true, takesScreenshot: true, unexpectedAlertBehaviour: , unhandledPromptBehavior: , version: 73.0.3683.103, webStorageEnabled: true}Session ID: bdc0c292a09768b14093e8158b7005e1*** Element info: {Using=xpath, value=//h1[contains(text(),'Sign into TIBCO')]}at org.openqa.selenium.remote.ErrorHandler.createThrowable(ErrorHandler.java:214)at org.openqa.selenium.remote.ErrorHandler.throwIfResponseFailed(ErrorHandler.java:166)at org.openqa.selenium.remote.http.JsonHttpResponseCodec.reconstructValue(JsonHttpResponseCodec.java:40)at org.openqa.selenium.remote.http.AbstractHttpResponseCodec.decode(AbstractHttpResponseCodec.java:80)at org.openqa.selenium.remote.http.AbstractHttpResponseCodec.decode(AbstractHttpResponseCodec.java:44)at org.openqa.selenium.remote.HttpCommandExecutor.execute(HttpCommandExecutor.java:164)at org.openqa.selenium.remote.service.DriverCommandExecutor.execute(DriverCommandExecutor.java:83)at org.openqa.selenium.remote.RemoteWebDriver.execute(RemoteWebDriver.java:601)at org.openqa.selenium.remote.RemoteWebDriver.findElement(RemoteWebDriver.java:371)at org.openqa.selenium.remote.RemoteWebDriver.findElementByXPath(RemoteWebDriver.java:473)at org.openqa.selenium.By$ByXPath.findElement(By.java:361)at org.openqa.selenium.remote.RemoteWebDriver.findElement(RemoteWebDriver.java:363)at org.tibco.automation.common.objrepo.Tibco_Account.signInPage(Tibco_Account.java:181)at org.tibco.automation.common.testlogic.Tibco_Account_Methods.url_validation(Tibco_Account_Methods.java:195)at org.tibco.automation.common.testcases.Tibco_Account_Tests.ta_15(Tibco_Account_Tests.java:95)... Removed 29 stack frames]]>
    </failure>
  </testcase> <!-- ta_15 -->
  <testcase name="ta_16" time="6.435" classname="org.tibco.automation.common.testcases.Tibco_Account_Tests"/>
  <testcase name="ta_17" time="0.082" classname="org.tibco.automation.common.testcases.Tibco_Account_Tests"/>
  <testcase name="ta_18" time="0.085" classname="org.tibco.automation.common.testcases.Tibco_Account_Tests"/>
  <testcase name="ta_19" time="0.031" classname="org.tibco.automation.common.testcases.Tibco_Account_Tests"/>
  <testcase name="ta_110" time="0.031" classname="org.tibco.automation.common.testcases.Tibco_Account_Tests"/>
  <testcase name="ta_111" time="0.03" classname="org.tibco.automation.common.testcases.Tibco_Account_Tests"/>
  <testcase name="ta_112" time="0.029" classname="org.tibco.automation.common.testcases.Tibco_Account_Tests"/>
  <testcase name="ta_113" time="0.027" classname="org.tibco.automation.common.testcases.Tibco_Account_Tests"/>
  <testcase name="ta_114" time="0.027" classname="org.tibco.automation.common.testcases.Tibco_Account_Tests"/>
  <testcase name="ta_115" time="0.029" classname="org.tibco.automation.common.testcases.Tibco_Account_Tests"/>
  <testcase name="ta_116" time="0.029" classname="org.tibco.automation.common.testcases.Tibco_Account_Tests"/>
  <testcase name="ta_117" time="0.03" classname="org.tibco.automation.common.testcases.Tibco_Account_Tests"/>
  <testcase name="ta_118" time="0.032" classname="org.tibco.automation.common.testcases.Tibco_Account_Tests"/>
  <testcase name="ta_119" time="0.029" classname="org.tibco.automation.common.testcases.Tibco_Account_Tests"/>
  <testcase name="ta_120" time="0.03" classname="org.tibco.automation.common.testcases.Tibco_Account_Tests"/>
  <testcase name="ta_121" time="0.027" classname="org.tibco.automation.common.testcases.Tibco_Account_Tests"/>
  <testcase name="ta_122" time="1.197" classname="org.tibco.automation.common.testcases.Tibco_Account_Tests">
    <failure type="java.lang.AssertionError" message="WEAK Cipher Suites for TLS 1.2..">
      <![CDATA[java.lang.AssertionError: WEAK Cipher Suites for TLS 1.2..at org.tibco.automation.common.testcases.Tibco_Account_Tests.ta_122(Tibco_Account_Tests.java:394)... Removed 26 stack frames]]>
    </failure>
  </testcase> <!-- ta_122 -->
  <testcase name="ta_123" time="1.073" classname="org.tibco.automation.common.testcases.Tibco_Account_Tests">
    <failure type="java.lang.AssertionError" message="WEAK Cipher Suites for TLS 1.1..">
      <![CDATA[java.lang.AssertionError: WEAK Cipher Suites for TLS 1.1..at org.tibco.automation.common.testcases.Tibco_Account_Tests.ta_123(Tibco_Account_Tests.java:409)... Removed 26 stack frames]]>
    </failure>
  </testcase> <!-- ta_123 -->
  <testcase name="ta_12" time="0.0" classname="org.tibco.automation.common.testcases.Tibco_Account_Tests">
    <ignored/>
  </testcase> <!-- ta_12 -->
  <testcase name="ta_124" time="0.0" classname="org.tibco.automation.common.testcases.Tibco_Account_Tests">
    <ignored/>
  </testcase> <!-- ta_124 -->
</testsuite> <!-- TA -->
