<?xml version="1.0" encoding="UTF-8"?>
<!-- Generated by org.testng.reporters.JUnitXMLReporter -->
<testsuite hostname="shhinduj-p51" ignored="0" name="TeamMember" tests="15" failures="1" timestamp="17 Apr 2019 09:35:48 GMT" time="104.109" errors="0">
  <testcase name="ta_31" time="36.677" classname="org.tibco.automation.common.testcases.Team_Members_Tests"/>
  <testcase name="ta_31" time="2.348" classname="org.tibco.automation.common.testcases.Team_Members_Tests"/>
  <testcase name="ta_31" time="2.334" classname="org.tibco.automation.common.testcases.Team_Members_Tests"/>
  <testcase name="ta_32" time="7.086" classname="org.tibco.automation.common.testcases.Team_Members_Tests"/>
  <testcase name="ta_32" time="3.381" classname="org.tibco.automation.common.testcases.Team_Members_Tests"/>
  <testcase name="ta_32" time="3.396" classname="org.tibco.automation.common.testcases.Team_Members_Tests"/>
  <testcase name="ta_33" time="4.18" classname="org.tibco.automation.common.testcases.Team_Members_Tests"/>
  <testcase name="ta_33" time="2.959" classname="org.tibco.automation.common.testcases.Team_Members_Tests"/>
  <testcase name="ta_33" time="3.827" classname="org.tibco.automation.common.testcases.Team_Members_Tests"/>
  <testcase name="ta_33" time="3.36" classname="org.tibco.automation.common.testcases.Team_Members_Tests"/>
  <testcase name="ta_33" time="3.015" classname="org.tibco.automation.common.testcases.Team_Members_Tests"/>
  <testcase name="ta_33" time="3.89" classname="org.tibco.automation.common.testcases.Team_Members_Tests"/>
  <testcase name="ta_34" time="13.353" classname="org.tibco.automation.common.testcases.Team_Members_Tests">
    <failure type="java.lang.AssertionError" message="URL Manipulation Found">
      <![CDATA[java.lang.AssertionError: URL Manipulation Foundat org.tibco.automation.common.testcases.Team_Members_Tests.ta_34(Team_Members_Tests.java:106)... Removed 26 stack frames]]>
    </failure>
  </testcase> <!-- ta_34 -->
  <testcase name="ta_34" time="2.678" classname="org.tibco.automation.common.testcases.Team_Members_Tests"/>
  <testcase name="ta_34" time="2.414" classname="org.tibco.automation.common.testcases.Team_Members_Tests"/>
</testsuite> <!-- TeamMember -->
